Flow report for lab6_ronnyismael
Sun Apr 09 18:50:31 2023
Quartus Prime Version 20.1.0 Build 711 06/05/2020 SJ Lite Edition


---------------------
; Table of Contents ;
---------------------
  1. Legal Notice
  2. Flow Summary
  3. Flow Settings
  4. Flow Non-Default Global Settings
  5. Flow Elapsed Time
  6. Flow OS Summary
  7. Flow Log
  8. Flow Messages
  9. Flow Suppressed Messages



----------------
; Legal Notice ;
----------------
Copyright (C) 2020  Intel Corporation. All rights reserved.
Your use of Intel Corporation's design tools, logic functions 
and other software and tools, and any partner logic 
functions, and any output files from any of the foregoing 
(including device programming or simulation files), and any 
associated documentation or information are expressly subject 
to the terms and conditions of the Intel Program License 
Subscription Agreement, the Intel Quartus Prime License Agreement,
the Intel FPGA IP License Agreement, or other applicable license
agreement, including, without limitation, that your use is for
the sole purpose of programming logic devices manufactured by
Intel and sold by Intel or its authorized distributors.  Please
refer to the applicable agreement for further details, at
https://fpgasoftware.intel.com/eula.



+----------------------------------------------------------------------------------+
; Flow Summary                                                                     ;
+------------------------------------+---------------------------------------------+
; Flow Status                        ; Successful - Sun Apr 09 18:50:31 2023       ;
; Quartus Prime Version              ; 20.1.0 Build 711 06/05/2020 SJ Lite Edition ;
; Revision Name                      ; lab6_ronnyismael                            ;
; Top-level Entity Name              ; vending_machine_fsm                         ;
; Family                             ; Cyclone IV E                                ;
; Device                             ; EP4CE115F29C7                               ;
; Timing Models                      ; Final                                       ;
; Total logic elements               ; 19 / 114,480 ( < 1 % )                      ;
;     Total combinational functions  ; 19 / 114,480 ( < 1 % )                      ;
;     Dedicated logic registers      ; 5 / 114,480 ( < 1 % )                       ;
; Total registers                    ; 5                                           ;
; Total pins                         ; 9 / 529 ( 2 % )                             ;
; Total virtual pins                 ; 0                                           ;
; Total memory bits                  ; 0 / 3,981,312 ( 0 % )                       ;
; Embedded Multiplier 9-bit elements ; 0 / 532 ( 0 % )                             ;
; Total PLLs                         ; 0 / 4 ( 0 % )                               ;
+------------------------------------+---------------------------------------------+


+-----------------------------------------+
; Flow Settings                           ;
+-------------------+---------------------+
; Option            ; Setting             ;
+-------------------+---------------------+
; Start date & time ; 04/09/2023 18:50:08 ;
; Main task         ; Compilation         ;
; Revision Name     ; lab6_ronnyismael    ;
+-------------------+---------------------+


+----------------------------------------------------------------------------------------------------------------------------------------+
; Flow Non-Default Global Settings                                                                                                       ;
+-------------------------------------+----------------------------------------+------------------+---------------------+----------------+
; Assignment Name                     ; Value                                  ; Default Value    ; Entity Name         ; Section Id     ;
+-------------------------------------+----------------------------------------+------------------+---------------------+----------------+
; COMPILER_SIGNATURE_ID               ; 198208546799169.168109140721516        ; --               ; --                  ; --             ;
; EDA_OUTPUT_DATA_FORMAT              ; Verilog Hdl                            ; --               ; --                  ; eda_simulation ;
; EDA_SIMULATION_TOOL                 ; ModelSim-Altera (Verilog)              ; <None>           ; --                  ; --             ;
; MAX_CORE_JUNCTION_TEMP              ; 85                                     ; --               ; --                  ; --             ;
; MIN_CORE_JUNCTION_TEMP              ; 0                                      ; --               ; --                  ; --             ;
; NOMINAL_CORE_SUPPLY_VOLTAGE         ; 1.2V                                   ; --               ; --                  ; --             ;
; PARTITION_COLOR                     ; -- (Not supported for targeted family) ; --               ; vending_machine_fsm ; Top            ;
; PARTITION_FITTER_PRESERVATION_LEVEL ; -- (Not supported for targeted family) ; --               ; vending_machine_fsm ; Top            ;
; PARTITION_NETLIST_TYPE              ; -- (Not supported for targeted family) ; --               ; vending_machine_fsm ; Top            ;
; PROJECT_OUTPUT_DIRECTORY            ; output_files                           ; --               ; --                  ; --             ;
; TOP_LEVEL_ENTITY                    ; vending_machine_fsm                    ; lab6_ronnyismael ; --                  ; --             ;
+-------------------------------------+----------------------------------------+------------------+---------------------+----------------+


+--------------------------------------------------------------------------------------------------------------------------+
; Flow Elapsed Time                                                                                                        ;
+----------------------+--------------+-------------------------+---------------------+------------------------------------+
; Module Name          ; Elapsed Time ; Average Processors Used ; Peak Virtual Memory ; Total CPU Time (on all processors) ;
+----------------------+--------------+-------------------------+---------------------+------------------------------------+
; Analysis & Synthesis ; 00:00:07     ; 1.0                     ; 4758 MB             ; 00:00:15                           ;
; Fitter               ; 00:00:09     ; 1.0                     ; 5696 MB             ; 00:00:13                           ;
; Assembler            ; 00:00:02     ; 1.0                     ; 4688 MB             ; 00:00:02                           ;
; Timing Analyzer      ; 00:00:02     ; 1.0                     ; 4845 MB             ; 00:00:02                           ;
; EDA Netlist Writer   ; 00:00:00     ; 1.0                     ; 4657 MB             ; 00:00:01                           ;
; Total                ; 00:00:20     ; --                      ; --                  ; 00:00:33                           ;
+----------------------+--------------+-------------------------+---------------------+------------------------------------+


+------------------------------------------------------------------------------------+
; Flow OS Summary                                                                    ;
+----------------------+------------------+------------+------------+----------------+
; Module Name          ; Machine Hostname ; OS Name    ; OS Version ; Processor type ;
+----------------------+------------------+------------+------------+----------------+
; Analysis & Synthesis ; NSC-6KK5JG3      ; Windows 10 ; 10.0       ; x86_64         ;
; Fitter               ; NSC-6KK5JG3      ; Windows 10 ; 10.0       ; x86_64         ;
; Assembler            ; NSC-6KK5JG3      ; Windows 10 ; 10.0       ; x86_64         ;
; Timing Analyzer      ; NSC-6KK5JG3      ; Windows 10 ; 10.0       ; x86_64         ;
; EDA Netlist Writer   ; NSC-6KK5JG3      ; Windows 10 ; 10.0       ; x86_64         ;
+----------------------+------------------+------------+------------+----------------+


------------
; Flow Log ;
------------
quartus_map --read_settings_files=on --write_settings_files=off lab6_ronnyismael -c lab6_ronnyismael
quartus_fit --read_settings_files=off --write_settings_files=off lab6_ronnyismael -c lab6_ronnyismael
quartus_asm --read_settings_files=off --write_settings_files=off lab6_ronnyismael -c lab6_ronnyismael
quartus_sta lab6_ronnyismael -c lab6_ronnyismael
quartus_eda --read_settings_files=off --write_settings_files=off lab6_ronnyismael -c lab6_ronnyismael



